<?xml version="1.0" encoding="UTF-8"?>
<!-- Generated by org.testng.reporters.JUnitXMLReporter -->
<testsuite hostname="KULANDASAMYC" ignored="0" name="Default test" tests="105" failures="2" timestamp="10 May 2019 11:16:00 GMT" time="466.531" errors="0">
  <testcase name="LoginPageTest" time="2.823" classname="webstaff.TestCases.WebStaff_TCExecution"/>
  <testcase name="QCGroupselectAndLoginPage" time="2.715" classname="webstaff.TestCases.WebStaff_TCExecution"/>
  <testcase name="SingleRegFormVerification" time="0.484" classname="webstaff.TestCases.WebStaff_TCExecution"/>
  <testcase name="ChangeRegForm" time="4.053" classname="webstaff.TestCases.WebStaff_TCExecution"/>
  <testcase name="RegisterRecord" time="3.955" classname="webstaff.TestCases.WebStaff_TCExecution"/>
  <testcase name="LastRegIDTest" time="0.889" classname="webstaff.TestCases.WebStaff_TCExecution"/>
  <testcase name="ReOpenRegisteredRecord" time="4.837" classname="webstaff.TestCases.WebStaff_TCExecution"/>
  <testcase name="EnterGuestTest" time="0.64" classname="webstaff.TestCases.WebStaff_TCExecution"/>
  <testcase name="EnterGuestAndSave" time="1.383" classname="webstaff.TestCases.WebStaff_TCExecution"/>
  <testcase name="VerifyGuestLabel" time="0.235" classname="webstaff.TestCases.WebStaff_TCExecution"/>
  <testcase name="OpenShowItems" time="1.407" classname="webstaff.TestCases.WebStaff_TCExecution"/>
  <testcase name="SearchShowItem" time="2.416" classname="webstaff.TestCases.WebStaff_TCExecution"/>
  <testcase name="AddShowItemsToCart" time="1.0" classname="webstaff.TestCases.WebStaff_TCExecution"/>
  <testcase name="VerifyShowItemTab" time="0.513" classname="webstaff.TestCases.WebStaff_TCExecution"/>
  <testcase name="VerifyInCart" time="2.437" classname="webstaff.TestCases.WebStaff_TCExecution"/>
  <testcase name="OpenBadgeFields" time="1.129" classname="webstaff.TestCases.WebStaff_TCExecution"/>
  <testcase name="EnterBadgeFields" time="3.145" classname="webstaff.TestCases.WebStaff_TCExecution"/>
  <testcase name="OpenSpecailAccModal" time="0.242" classname="webstaff.TestCases.WebStaff_TCExecution"/>
  <testcase name="EnterSpecialAcc" time="1.744" classname="webstaff.TestCases.WebStaff_TCExecution"/>
  <testcase name="OpenNoteWindow" time="0.397" classname="webstaff.TestCases.WebStaff_TCExecution"/>
  <testcase name="EnterSpecailNotes" time="10.358" classname="webstaff.TestCases.WebStaff_TCExecution"/>
  <testcase name="OpenMoveToForm" time="0.348" classname="webstaff.TestCases.WebStaff_TCExecution"/>
  <testcase name="ChangeFlowToExhibitor" time="1.404" classname="webstaff.TestCases.WebStaff_TCExecution"/>
  <testcase name="UndoChanges" time="2.155" classname="webstaff.TestCases.WebStaff_TCExecution"/>
  <testcase name="RuleOverrides" time="2.88" classname="webstaff.TestCases.WebStaff_TCExecution"/>
  <testcase name="RuleOverrideSelect" time="7.187" classname="webstaff.TestCases.WebStaff_TCExecution"/>
  <testcase name="ResetLink" time="0.467" classname="webstaff.TestCases.WebStaff_TCExecution"/>
  <testcase name="CancelRecordWindow" time="0.255" classname="webstaff.TestCases.WebStaff_TCExecution"/>
  <testcase name="VerifyCancelledText" time="0.467" classname="webstaff.TestCases.WebStaff_TCExecution"/>
  <testcase name="UnCancelRecordPopupMsg" time="4.713" classname="webstaff.TestCases.WebStaff_TCExecution"/>
  <testcase name="UnCancelAndSave" time="10.351" classname="webstaff.TestCases.WebStaff_TCExecution"/>
  <testcase name="VerifyShowItemTabTest" time="0.195" classname="webstaff.TestCases.WebStaff_TCExecution"/>
  <testcase name="VerifyTransactionTab" time="0.171" classname="webstaff.TestCases.WebStaff_TCExecution"/>
  <testcase name="OpenPendsTab" time="0.174" classname="webstaff.TestCases.WebStaff_TCExecution"/>
  <testcase name="SelectPendTypeList" time="0.871" classname="webstaff.TestCases.WebStaff_TCExecution"/>
  <testcase name="VerifyPendResolved" time="3.358" classname="webstaff.TestCases.WebStaff_TCExecution"/>
  <testcase name="OpenConfirmationTab" time="0.209" classname="webstaff.TestCases.WebStaff_TCExecution"/>
  <testcase name="VerifyConfirmationPreviewWindow" time="3.101" classname="webstaff.TestCases.WebStaff_TCExecution"/>
  <testcase name="BookingMode" time="0.478" classname="webstaff.TestCases.WebStaff_TCExecution"/>
  <testcase name="AddNewPerson" time="0.198" classname="webstaff.TestCases.WebStaff_TCExecution"/>
  <testcase name="ClickCreateNewlink" time="10.047" classname="webstaff.TestCases.WebStaff_TCExecution">
    <failure type="java.lang.AssertionError" message="expected [true] but found [false]">
      <![CDATA[java.lang.AssertionError: expected [true] but found [false]
at org.testng.Assert.fail(Assert.java:96)
at org.testng.Assert.failNotEquals(Assert.java:776)
at org.testng.Assert.assertTrue(Assert.java:44)
at org.testng.Assert.assertTrue(Assert.java:54)
at webstaff.TestCases.WebStaff_TCExecution.ClickCreateNewlink(WebStaff_TCExecution.java:368)
at sun.reflect.NativeMethodAccessorImpl.invoke0(Native Method)
at sun.reflect.NativeMethodAccessorImpl.invoke(NativeMethodAccessorImpl.java:62)
at sun.reflect.DelegatingMethodAccessorImpl.invoke(DelegatingMethodAccessorImpl.java:43)
at java.lang.reflect.Method.invoke(Method.java:498)
at org.testng.internal.MethodInvocationHelper.invokeMethod(MethodInvocationHelper.java:124)
at org.testng.internal.Invoker.invokeMethod(Invoker.java:580)
at org.testng.internal.Invoker.invokeTestMethod(Invoker.java:716)
at org.testng.internal.Invoker.invokeTestMethods(Invoker.java:988)
at org.testng.internal.TestMethodWorker.invokeTestMethods(TestMethodWorker.java:125)
at org.testng.internal.TestMethodWorker.run(TestMethodWorker.java:109)
at org.testng.TestRunner.privateRun(TestRunner.java:648)
at org.testng.TestRunner.run(TestRunner.java:505)
at org.testng.SuiteRunner.runTest(SuiteRunner.java:455)
at org.testng.SuiteRunner.runSequentially(SuiteRunner.java:450)
at org.testng.SuiteRunner.privateRun(SuiteRunner.java:415)
at org.testng.SuiteRunner.run(SuiteRunner.java:364)
at org.testng.SuiteRunnerWorker.runSuite(SuiteRunnerWorker.java:52)
at org.testng.SuiteRunnerWorker.run(SuiteRunnerWorker.java:84)
at org.testng.TestNG.runSuitesSequentially(TestNG.java:1208)
at org.testng.TestNG.runSuitesLocally(TestNG.java:1137)
at org.testng.TestNG.runSuites(TestNG.java:1049)
at org.testng.TestNG.run(TestNG.java:1017)
at org.testng.remote.AbstractRemoteTestNG.run(AbstractRemoteTestNG.java:114)
at org.testng.remote.RemoteTestNG.initAndRun(RemoteTestNG.java:251)
at org.testng.remote.RemoteTestNG.main(RemoteTestNG.java:77)
]]>
    </failure>
  </testcase> <!-- ClickCreateNewlink -->
  <testcase name="AddExistingPerson" time="0.546" classname="webstaff.TestCases.WebStaff_TCExecution"/>
  <testcase name="EnterAlreadyRegIdAndSearch" time="0.634" classname="webstaff.TestCases.WebStaff_TCExecution"/>
  <testcase name="SelectRegisteredReg" time="10.508" classname="webstaff.TestCases.WebStaff_TCExecution"/>
  <testcase name="VerifyRemoveRegistrant" time="0.679" classname="webstaff.TestCases.WebStaff_TCExecution"/>
  <testcase name="VerifySelectContactPerson" time="16.105" classname="webstaff.TestCases.WebStaff_TCExecution"/>
  <testcase name="VerifyPreviewConfirmation" time="0.725" classname="webstaff.TestCases.WebStaff_TCExecution"/>
  <testcase name="VerifySendEmail" time="1.907" classname="webstaff.TestCases.WebStaff_TCExecution"/>
  <testcase name="VerifyComments" time="0.386" classname="webstaff.TestCases.WebStaff_TCExecution"/>
  <testcase name="VerifyCommentTypeURGO" time="5.619" classname="webstaff.TestCases.WebStaff_TCExecution"/>
  <testcase name="VerifyCommentTypeURGA" time="7.308" classname="webstaff.TestCases.WebStaff_TCExecution"/>
  <testcase name="VerifyBothCommentTypeURGOnURGA" time="2.343" classname="webstaff.TestCases.WebStaff_TCExecution"/>
  <testcase name="VerifyContactTab" time="0.607" classname="webstaff.TestCases.WebStaff_TCExecution"/>
  <testcase name="EnterNewContact" time="14.476" classname="webstaff.TestCases.WebStaff_TCExecution"/>
  <testcase name="VerifyFindRoomsTab" time="0.785" classname="webstaff.TestCases.WebStaff_TCExecution"/>
  <testcase name="VerifyViewInventory" time="3.383" classname="webstaff.TestCases.WebStaff_TCExecution"/>
  <testcase name="VerifyFindRooms" time="0.837" classname="webstaff.TestCases.WebStaff_TCExecution"/>
  <testcase name="VerifyHoldRoom" time="1.519" classname="webstaff.TestCases.WebStaff_TCExecution"/>
  <testcase name="VerifyBookRoom" time="0.76" classname="webstaff.TestCases.WebStaff_TCExecution"/>
  <testcase name="VerifyAddOccupant" time="1.03" classname="webstaff.TestCases.WebStaff_TCExecution"/>
  <testcase name="EnterLeadOccdetails" time="8.161" classname="webstaff.TestCases.WebStaff_TCExecution"/>
  <testcase name="VerifyDeleteOcc" time="3.555" classname="webstaff.TestCases.WebStaff_TCExecution"/>
  <testcase name="VerifyExistingOcc" time="5.779" classname="webstaff.TestCases.WebStaff_TCExecution"/>
  <testcase name="VerifyChangeLead" time="4.447" classname="webstaff.TestCases.WebStaff_TCExecution"/>
  <testcase name="VerifyEditOccupant" time="3.658" classname="webstaff.TestCases.WebStaff_TCExecution"/>
  <testcase name="VerifyCancellationPolicy" time="2.438" classname="webstaff.TestCases.WebStaff_TCExecution"/>
  <testcase name="VerifyChangeDates" time="4.857" classname="webstaff.TestCases.WebStaff_TCExecution"/>
  <testcase name="VerifyChangeRoomspopup" time="0.384" classname="webstaff.TestCases.WebStaff_TCExecution"/>
  <testcase name="VerifyChangeRoom" time="2.131" classname="webstaff.TestCases.WebStaff_TCExecution"/>
  <testcase name="VerifyChangeRatesPopup" time="2.829" classname="webstaff.TestCases.WebStaff_TCExecution"/>
  <testcase name="VerifyChangeRate" time="2.71" classname="webstaff.TestCases.WebStaff_TCExecution"/>
  <testcase name="VerifyReleaseRoom" time="3.237" classname="webstaff.TestCases.WebStaff_TCExecution"/>
  <testcase name="VerifyHotelCONF" time="4.167" classname="webstaff.TestCases.WebStaff_TCExecution"/>
  <testcase name="VerifyDeposit" time="2.737" classname="webstaff.TestCases.WebStaff_TCExecution"/>
  <testcase name="VerifySpecialRequest" time="4.197" classname="webstaff.TestCases.WebStaff_TCExecution"/>
  <testcase name="verifyBillingComments" time="3.267" classname="webstaff.TestCases.WebStaff_TCExecution"/>
  <testcase name="verifyWebComments" time="2.888" classname="webstaff.TestCases.WebStaff_TCExecution"/>
  <testcase name="verifyPaymentTab" time="0.373" classname="webstaff.TestCases.WebStaff_TCExecution"/>
  <testcase name="verifyAllHousing" time="2.25" classname="webstaff.TestCases.WebStaff_TCExecution"/>
  <testcase name="verifyMakePayment" time="0.582" classname="webstaff.TestCases.WebStaff_TCExecution"/>
  <testcase name="verifyAddPayment" time="1.112" classname="webstaff.TestCases.WebStaff_TCExecution"/>
  <testcase name="verifyEnterPaymentDetails" time="10.017" classname="webstaff.TestCases.WebStaff_TCExecution"/>
  <testcase name="verifyContinueButt" time="1.681" classname="webstaff.TestCases.WebStaff_TCExecution"/>
  <testcase name="verifySelectRegLink" time="2.308" classname="webstaff.TestCases.WebStaff_TCExecution"/>
  <testcase name="verifyRegAddPayment" time="1.444" classname="webstaff.TestCases.WebStaff_TCExecution">
    <failure type="java.lang.AssertionError" message="expected [$500.00] but found [$600.00]">
      <![CDATA[java.lang.AssertionError: expected [$500.00] but found [$600.00]
at org.testng.Assert.fail(Assert.java:96)
at org.testng.Assert.failNotEquals(Assert.java:776)
at org.testng.Assert.assertEqualsImpl(Assert.java:137)
at org.testng.Assert.assertEquals(Assert.java:118)
at org.testng.Assert.assertEquals(Assert.java:453)
at org.testng.Assert.assertEquals(Assert.java:463)
at webstaff.TestCases.WebStaff_TCExecution.verifyRegAddPayment(WebStaff_TCExecution.java:678)
at sun.reflect.NativeMethodAccessorImpl.invoke0(Native Method)
at sun.reflect.NativeMethodAccessorImpl.invoke(NativeMethodAccessorImpl.java:62)
at sun.reflect.DelegatingMethodAccessorImpl.invoke(DelegatingMethodAccessorImpl.java:43)
at java.lang.reflect.Method.invoke(Method.java:498)
at org.testng.internal.MethodInvocationHelper.invokeMethod(MethodInvocationHelper.java:124)
at org.testng.internal.Invoker.invokeMethod(Invoker.java:580)
at org.testng.internal.Invoker.invokeTestMethod(Invoker.java:716)
at org.testng.internal.Invoker.invokeTestMethods(Invoker.java:988)
at org.testng.internal.TestMethodWorker.invokeTestMethods(TestMethodWorker.java:125)
at org.testng.internal.TestMethodWorker.run(TestMethodWorker.java:109)
at org.testng.TestRunner.privateRun(TestRunner.java:648)
at org.testng.TestRunner.run(TestRunner.java:505)
at org.testng.SuiteRunner.runTest(SuiteRunner.java:455)
at org.testng.SuiteRunner.runSequentially(SuiteRunner.java:450)
at org.testng.SuiteRunner.privateRun(SuiteRunner.java:415)
at org.testng.SuiteRunner.run(SuiteRunner.java:364)
at org.testng.SuiteRunnerWorker.runSuite(SuiteRunnerWorker.java:52)
at org.testng.SuiteRunnerWorker.run(SuiteRunnerWorker.java:84)
at org.testng.TestNG.runSuitesSequentially(TestNG.java:1208)
at org.testng.TestNG.runSuitesLocally(TestNG.java:1137)
at org.testng.TestNG.runSuites(TestNG.java:1049)
at org.testng.TestNG.run(TestNG.java:1017)
at org.testng.remote.AbstractRemoteTestNG.run(AbstractRemoteTestNG.java:114)
at org.testng.remote.RemoteTestNG.initAndRun(RemoteTestNG.java:251)
at org.testng.remote.RemoteTestNG.main(RemoteTestNG.java:77)
]]>
    </failure>
  </testcase> <!-- verifyRegAddPayment -->
  <testcase name="verifyRegPaymentdetails" time="11.32" classname="webstaff.TestCases.WebStaff_TCExecution"/>
  <testcase name="verifyHistoryTab" time="0.906" classname="webstaff.TestCases.WebStaff_TCExecution"/>
  <testcase name="verifyConfirmation" time="3.498" classname="webstaff.TestCases.WebStaff_TCExecution"/>
  <testcase name="verifyReservation" time="3.542" classname="webstaff.TestCases.WebStaff_TCExecution"/>
  <testcase name="verifyRegistrant" time="3.844" classname="webstaff.TestCases.WebStaff_TCExecution"/>
  <testcase name="verifyGroupAssignment" time="0.725" classname="webstaff.TestCases.WebStaff_TCExecution"/>
  <testcase name="VerifySearchandSelectRegGrp" time="0.934" classname="webstaff.TestCases.WebStaff_TCExecution"/>
  <testcase name="verifyRemoveRegGrp" time="62.51" classname="webstaff.TestCases.WebStaff_TCExecution"/>
  <testcase name="verifyExitAndConfirmationWindow" time="2.256" classname="webstaff.TestCases.WebStaff_TCExecution"/>
  <testcase name="verifySearchReturn" time="0.477" classname="webstaff.TestCases.WebStaff_TCExecution"/>
  <testcase name="verifySearchPage" time="0.771" classname="webstaff.TestCases.WebStaff_TCExecution"/>
  <testcase name="verifyExhibitorSearch" time="0.437" classname="webstaff.TestCases.WebStaff_TCExecution"/>
  <testcase name="verifyEnterExhibitorSearch" time="0.464" classname="webstaff.TestCases.WebStaff_TCExecution"/>
  <testcase name="verifyAttendeeSearch" time="0.306" classname="webstaff.TestCases.WebStaff_TCExecution"/>
  <testcase name="verifyEnterAttendeeGrp" time="0.627" classname="webstaff.TestCases.WebStaff_TCExecution"/>
  <testcase name="verifyGlobalConfigpage" time="0.44" classname="webstaff.TestCases.WebStaff_TCExecution"/>
  <testcase name="verifyGlobalSettings" time="0.685" classname="webstaff.TestCases.WebStaff_TCExecution"/>
  <testcase name="verifyWorkstationPage" time="0.395" classname="webstaff.TestCases.WebStaff_TCExecution"/>
  <testcase name="verifyWorkstation" time="1.183" classname="webstaff.TestCases.WebStaff_TCExecution"/>
  <testcase name="verifyLogOut" time="0.596" classname="webstaff.TestCases.WebStaff_TCExecution"/>
</testsuite> <!-- Default test -->
