<?xml version="1.0" encoding="UTF-8"?>
<!-- Generated by org.testng.reporters.JUnitXMLReporter -->
<testsuite hostname="KULANDASAMYC" ignored="0" name="Test" tests="77" failures="0" timestamp="25 Apr 2019 14:43:54 GMT" time="344.562" errors="0">
  <testcase name="LoginPageTest" time="2.522" classname="webstaff.TestCases.WebStaff_TCExecution"/>
  <testcase name="QCGroupselectAndLoginPage" time="2.781" classname="webstaff.TestCases.WebStaff_TCExecution"/>
  <testcase name="SingleRegFormVerification" time="0.502" classname="webstaff.TestCases.WebStaff_TCExecution"/>
  <testcase name="ChangeRegForm" time="4.784" classname="webstaff.TestCases.WebStaff_TCExecution"/>
  <testcase name="RegisterRecord" time="5.673" classname="webstaff.TestCases.WebStaff_TCExecution"/>
  <testcase name="LastRegIDTest" time="0.57" classname="webstaff.TestCases.WebStaff_TCExecution"/>
  <testcase name="ReOpenRegisteredRecord" time="4.696" classname="webstaff.TestCases.WebStaff_TCExecution"/>
  <testcase name="EnterGuestTest" time="0.603" classname="webstaff.TestCases.WebStaff_TCExecution"/>
  <testcase name="EnterGuestAndSave" time="0.994" classname="webstaff.TestCases.WebStaff_TCExecution"/>
  <testcase name="VerifyGuestLabel" time="0.24" classname="webstaff.TestCases.WebStaff_TCExecution"/>
  <testcase name="OpenShowItems" time="0.89" classname="webstaff.TestCases.WebStaff_TCExecution"/>
  <testcase name="SearchShowItem" time="2.346" classname="webstaff.TestCases.WebStaff_TCExecution"/>
  <testcase name="AddShowItemsToCart" time="0.936" classname="webstaff.TestCases.WebStaff_TCExecution"/>
  <testcase name="VerifyShowItemTab" time="0.831" classname="webstaff.TestCases.WebStaff_TCExecution"/>
  <testcase name="VerifyInCart" time="2.367" classname="webstaff.TestCases.WebStaff_TCExecution"/>
  <testcase name="OpenBadgeFields" time="0.801" classname="webstaff.TestCases.WebStaff_TCExecution"/>
  <testcase name="EnterBadgeFields" time="3.152" classname="webstaff.TestCases.WebStaff_TCExecution"/>
  <testcase name="OpenSpecailAccModal" time="0.283" classname="webstaff.TestCases.WebStaff_TCExecution"/>
  <testcase name="EnterSpecialAcc" time="1.379" classname="webstaff.TestCases.WebStaff_TCExecution"/>
  <testcase name="OpenNoteWindow" time="0.323" classname="webstaff.TestCases.WebStaff_TCExecution"/>
  <testcase name="EnterSpecailNotes" time="10.239" classname="webstaff.TestCases.WebStaff_TCExecution"/>
  <testcase name="OpenMoveToForm" time="0.326" classname="webstaff.TestCases.WebStaff_TCExecution"/>
  <testcase name="ChangeFlowToExhibitor" time="1.245" classname="webstaff.TestCases.WebStaff_TCExecution"/>
  <testcase name="UndoChanges" time="2.505" classname="webstaff.TestCases.WebStaff_TCExecution"/>
  <testcase name="RuleOverrides" time="2.679" classname="webstaff.TestCases.WebStaff_TCExecution"/>
  <testcase name="RuleOverrideSelect" time="7.098" classname="webstaff.TestCases.WebStaff_TCExecution"/>
  <testcase name="ResetLink" time="0.271" classname="webstaff.TestCases.WebStaff_TCExecution"/>
  <testcase name="CancelRecordWindow" time="0.28" classname="webstaff.TestCases.WebStaff_TCExecution"/>
  <testcase name="VerifyCancelledText" time="0.476" classname="webstaff.TestCases.WebStaff_TCExecution"/>
  <testcase name="UnCancelRecordPopupMsg" time="4.664" classname="webstaff.TestCases.WebStaff_TCExecution"/>
  <testcase name="UnCancelAndSave" time="10.808" classname="webstaff.TestCases.WebStaff_TCExecution"/>
  <testcase name="VerifyShowItemTabTest" time="0.223" classname="webstaff.TestCases.WebStaff_TCExecution"/>
  <testcase name="VerifyTransactionTab" time="0.226" classname="webstaff.TestCases.WebStaff_TCExecution"/>
  <testcase name="OpenPendsTab" time="0.215" classname="webstaff.TestCases.WebStaff_TCExecution"/>
  <testcase name="SelectPendTypeList" time="1.128" classname="webstaff.TestCases.WebStaff_TCExecution"/>
  <testcase name="VerifyPendResolved" time="2.983" classname="webstaff.TestCases.WebStaff_TCExecution"/>
  <testcase name="OpenConfirmationTab" time="0.191" classname="webstaff.TestCases.WebStaff_TCExecution"/>
  <testcase name="VerifyConfirmationPreviewWindow" time="1.719" classname="webstaff.TestCases.WebStaff_TCExecution"/>
  <testcase name="BookingMode" time="0.49" classname="webstaff.TestCases.WebStaff_TCExecution"/>
  <testcase name="AddNewPerson" time="0.123" classname="webstaff.TestCases.WebStaff_TCExecution"/>
  <testcase name="ClickCreateNewlink" time="14.858" classname="webstaff.TestCases.WebStaff_TCExecution"/>
  <testcase name="AddExistingPerson" time="0.379" classname="webstaff.TestCases.WebStaff_TCExecution"/>
  <testcase name="EnterAlreadyRegIdAndSearch" time="0.461" classname="webstaff.TestCases.WebStaff_TCExecution"/>
  <testcase name="SelectRegisteredReg" time="10.806" classname="webstaff.TestCases.WebStaff_TCExecution"/>
  <testcase name="VerifyRemoveRegistrant" time="0.542" classname="webstaff.TestCases.WebStaff_TCExecution"/>
  <testcase name="VerifySelectContactPerson" time="16.014" classname="webstaff.TestCases.WebStaff_TCExecution"/>
  <testcase name="VerifyPreviewConfirmation" time="0.825" classname="webstaff.TestCases.WebStaff_TCExecution"/>
  <testcase name="VerifySendEmail" time="1.148" classname="webstaff.TestCases.WebStaff_TCExecution"/>
  <testcase name="VerifyComments" time="0.569" classname="webstaff.TestCases.WebStaff_TCExecution"/>
  <testcase name="VerifyCommentTypeURGO" time="5.675" classname="webstaff.TestCases.WebStaff_TCExecution"/>
  <testcase name="VerifyCommentTypeURGA" time="7.775" classname="webstaff.TestCases.WebStaff_TCExecution"/>
  <testcase name="VerifyBothCommentTypeURGOnURGA" time="2.45" classname="webstaff.TestCases.WebStaff_TCExecution"/>
  <testcase name="VerifyContactTab" time="0.427" classname="webstaff.TestCases.WebStaff_TCExecution"/>
  <testcase name="EnterNewContact" time="5.813" classname="webstaff.TestCases.WebStaff_TCExecution"/>
  <testcase name="VerifyFindRoomsTab" time="0.591" classname="webstaff.TestCases.WebStaff_TCExecution"/>
  <testcase name="VerifyViewInventory" time="3.717" classname="webstaff.TestCases.WebStaff_TCExecution"/>
  <testcase name="VerifyFindRooms" time="0.468" classname="webstaff.TestCases.WebStaff_TCExecution"/>
  <testcase name="VerifyHoldRoom" time="1.315" classname="webstaff.TestCases.WebStaff_TCExecution"/>
  <testcase name="VerifyBookRoom" time="0.831" classname="webstaff.TestCases.WebStaff_TCExecution"/>
  <testcase name="VerifyAddOccupant" time="1.286" classname="webstaff.TestCases.WebStaff_TCExecution"/>
  <testcase name="EnterLeadOccdetails" time="8.843" classname="webstaff.TestCases.WebStaff_TCExecution"/>
  <testcase name="VerifyDeleteOcc" time="3.42" classname="webstaff.TestCases.WebStaff_TCExecution"/>
  <testcase name="VerifyExistingOcc" time="4.275" classname="webstaff.TestCases.WebStaff_TCExecution"/>
  <testcase name="VerifyChangeLead" time="4.333" classname="webstaff.TestCases.WebStaff_TCExecution"/>
  <testcase name="VerifyEditOccupant" time="3.252" classname="webstaff.TestCases.WebStaff_TCExecution"/>
  <testcase name="VerifyCancellationPolicy" time="2.358" classname="webstaff.TestCases.WebStaff_TCExecution"/>
  <testcase name="VerifyChangeDates" time="4.684" classname="webstaff.TestCases.WebStaff_TCExecution"/>
  <testcase name="VerifyChangeRoomspopup" time="0.358" classname="webstaff.TestCases.WebStaff_TCExecution"/>
  <testcase name="VerifyChangeRoom" time="2.251" classname="webstaff.TestCases.WebStaff_TCExecution"/>
  <testcase name="VerifyChangeRatesPopup" time="3.103" classname="webstaff.TestCases.WebStaff_TCExecution"/>
  <testcase name="VerifyChangeRate" time="2.627" classname="webstaff.TestCases.WebStaff_TCExecution"/>
  <testcase name="VerifyReleaseRoom" time="4.117" classname="webstaff.TestCases.WebStaff_TCExecution"/>
  <testcase name="VerifyHotelCONF" time="4.005" classname="webstaff.TestCases.WebStaff_TCExecution"/>
  <testcase name="VerifyDeposit" time="3.398" classname="webstaff.TestCases.WebStaff_TCExecution"/>
  <testcase name="VerifySpecialRequest" time="3.321" classname="webstaff.TestCases.WebStaff_TCExecution"/>
  <testcase name="verifyBillingComments" time="2.805" classname="webstaff.TestCases.WebStaff_TCExecution"/>
  <testcase name="verifyWebComments" time="2.721" classname="webstaff.TestCases.WebStaff_TCExecution"/>
</testsuite> <!-- Test -->
