<?xml version="1.0" encoding="UTF-8"?>
<!-- Generated by org.testng.reporters.JUnitXMLReporter -->
<testsuite hostname="KULANDASAMYC" ignored="0" name="Test" tests="38" failures="0" timestamp="07 Mar 2019 15:31:00 GMT" time="147.97" errors="0">
  <testcase name="LoginPageTest" time="2.338" classname="webstaff.TestCases.WebStaff_TCExecution"/>
  <testcase name="QCGroupselectAndLoginPage" time="0.715" classname="webstaff.TestCases.WebStaff_TCExecution"/>
  <testcase name="SingleRegFormVerification" time="0.538" classname="webstaff.TestCases.WebStaff_TCExecution"/>
  <testcase name="ChangeRegForm" time="3.545" classname="webstaff.TestCases.WebStaff_TCExecution"/>
  <testcase name="RegisterRecord" time="4.762" classname="webstaff.TestCases.WebStaff_TCExecution"/>
  <testcase name="LastRegIDTest" time="0.708" classname="webstaff.TestCases.WebStaff_TCExecution"/>
  <testcase name="ReOpenRegisteredRecord" time="2.893" classname="webstaff.TestCases.WebStaff_TCExecution"/>
  <testcase name="EnterGuestTest" time="0.589" classname="webstaff.TestCases.WebStaff_TCExecution"/>
  <testcase name="EnterGuestAndSave" time="1.084" classname="webstaff.TestCases.WebStaff_TCExecution"/>
  <testcase name="VerifyGuestLabel" time="0.198" classname="webstaff.TestCases.WebStaff_TCExecution"/>
  <testcase name="OpenShowItems" time="0.995" classname="webstaff.TestCases.WebStaff_TCExecution"/>
  <testcase name="SearchShowItem" time="0.386" classname="webstaff.TestCases.WebStaff_TCExecution"/>
  <testcase name="AddShowItemsToCart" time="0.936" classname="webstaff.TestCases.WebStaff_TCExecution"/>
  <testcase name="VerifyShowItemTab" time="0.413" classname="webstaff.TestCases.WebStaff_TCExecution"/>
  <testcase name="VerifyInCart" time="0.396" classname="webstaff.TestCases.WebStaff_TCExecution"/>
  <testcase name="OpenBadgeFields" time="0.937" classname="webstaff.TestCases.WebStaff_TCExecution"/>
  <testcase name="EnterBadgeFields" time="3.431" classname="webstaff.TestCases.WebStaff_TCExecution"/>
  <testcase name="OpenSpecailAccModal" time="0.376" classname="webstaff.TestCases.WebStaff_TCExecution"/>
  <testcase name="EnterSpecialAcc" time="1.529" classname="webstaff.TestCases.WebStaff_TCExecution"/>
  <testcase name="OpenNoteWindow" time="0.593" classname="webstaff.TestCases.WebStaff_TCExecution"/>
  <testcase name="EnterSpecailNotes" time="11.091" classname="webstaff.TestCases.WebStaff_TCExecution"/>
  <testcase name="OpenMoveToForm" time="0.351" classname="webstaff.TestCases.WebStaff_TCExecution"/>
  <testcase name="ChangeFlowToExhibitor" time="2.022" classname="webstaff.TestCases.WebStaff_TCExecution"/>
  <testcase name="UndoChanges" time="2.781" classname="webstaff.TestCases.WebStaff_TCExecution"/>
  <testcase name="RuleOverrides" time="2.663" classname="webstaff.TestCases.WebStaff_TCExecution"/>
  <testcase name="RuleOverrideSelect" time="7.411" classname="webstaff.TestCases.WebStaff_TCExecution"/>
  <testcase name="ResetLink" time="0.32" classname="webstaff.TestCases.WebStaff_TCExecution"/>
  <testcase name="CancelRecordWindow" time="0.374" classname="webstaff.TestCases.WebStaff_TCExecution"/>
  <testcase name="VerifyCancelledText" time="0.545" classname="webstaff.TestCases.WebStaff_TCExecution"/>
  <testcase name="UnCancelRecordPopupMsg" time="4.916" classname="webstaff.TestCases.WebStaff_TCExecution"/>
  <testcase name="UnCancelAndSave" time="12.07" classname="webstaff.TestCases.WebStaff_TCExecution"/>
  <testcase name="VerifyShowItemTabTest" time="0.203" classname="webstaff.TestCases.WebStaff_TCExecution"/>
  <testcase name="VerifyTransactionTab" time="0.202" classname="webstaff.TestCases.WebStaff_TCExecution"/>
  <testcase name="OpenPendsTab" time="0.208" classname="webstaff.TestCases.WebStaff_TCExecution"/>
  <testcase name="SelectPendTypeList" time="0.882" classname="webstaff.TestCases.WebStaff_TCExecution"/>
  <testcase name="VerifyPendResolved" time="3.469" classname="webstaff.TestCases.WebStaff_TCExecution"/>
  <testcase name="OpenConfirmationTab" time="0.168" classname="webstaff.TestCases.WebStaff_TCExecution"/>
  <testcase name="VerifyConfirmationPreviewWindow" time="2.18" classname="webstaff.TestCases.WebStaff_TCExecution"/>
</testsuite> <!-- Test -->
